
added 464 packages, and audited 466 packages in 15s

153 packages are looking for funding
  run `npm fund` for details

2 vulnerabilities (1 moderate, 1 high)

To address issues that do not require attention, run:
  npm audit fix

To address all issues, run:
  npm audit fix --force

Run `npm audit` for details.
npm notice 
npm notice New minor version of npm available! 10.2.4 -> 10.9.0
npm notice Changelog: <https://github.com/npm/cli/releases/tag/v10.9.0>
npm notice Run `npm install -g npm@10.9.0` to update!
npm notice 
Running dfx start for version 0.20.1
Using the default definition for the 'local' shared network because /root/.config/dfx/networks.json does not exist.
Initialized replica.
Dashboard: http://localhost:35945/_/dashboard
Stopping canister http adapter...
Stopped.
Stopping the replica...
Stopped.
Stopping icx-proxy...
Stopped.

added 509 packages, and audited 511 packages in 36s

153 packages are looking for funding
  run `npm fund` for details

2 vulnerabilities (1 moderate, 1 high)

To address all issues, run:
  npm audit fix

Run `npm audit` for details.
npm notice 
npm notice New minor version of npm available! 10.2.4 -> 10.9.0
npm notice Changelog: <https://github.com/npm/cli/releases/tag/v10.9.0>
npm notice Run `npm install -g npm@10.9.0` to update!
npm notice 
Running dfx start for version 0.20.1
Using the default definition for the 'local' shared network because /root/.config/dfx/networks.json does not exist.
Initialized replica.
Dashboard: http://localhost:34189/_/dashboard
